<?xml version="1.0" encoding="UTF-8"?>
<coverage generated="1631697351473" clover="3.2.0">
  <project timestamp="1631697351473" name="All files">
    <metrics statements="56" coveredstatements="56" conditionals="23" coveredconditionals="22" methods="23" coveredmethods="22" elements="102" coveredelements="100" complexity="0" loc="56" ncloc="56" packages="1" files="3" classes="3"/>
    <file name="actions.js" path="/Users/opopov5/Desktop/projects/Redux-Studying/src/store/counterData/actions.js">
      <metrics statements="8" coveredstatements="8" conditionals="1" coveredconditionals="1" methods="8" coveredmethods="7"/>
      <line num="3" count="1" type="stmt"/>
      <line num="9" count="1" type="stmt"/>
      <line num="14" count="2" type="stmt"/>
      <line num="18" count="1" type="stmt"/>
      <line num="23" count="1" type="stmt"/>
      <line num="27" count="1" type="stmt"/>
      <line num="31" count="4" type="cond" truecount="1" falsecount="0"/>
      <line num="36" count="1" type="stmt"/>
    </file>
    <file name="reducer.js" path="/Users/opopov5/Desktop/projects/Redux-Studying/src/store/counterData/reducer.js">
      <metrics statements="39" coveredstatements="39" conditionals="22" coveredconditionals="21" methods="15" coveredmethods="15"/>
      <line num="1" count="1" type="stmt"/>
      <line num="8" count="27" type="cond" truecount="9" falsecount="0"/>
      <line num="10" count="2" type="stmt"/>
      <line num="18" count="2" type="stmt"/>
      <line num="20" count="6" type="stmt"/>
      <line num="21" count="6" type="stmt"/>
      <line num="24" count="3" type="stmt"/>
      <line num="26" count="9" type="stmt"/>
      <line num="27" count="9" type="stmt"/>
      <line num="30" count="4" type="stmt"/>
      <line num="33" count="12" type="cond" truecount="2" falsecount="0"/>
      <line num="34" count="4" type="stmt"/>
      <line num="40" count="8" type="stmt"/>
      <line num="47" count="12" type="cond" truecount="2" falsecount="0"/>
      <line num="48" count="4" type="stmt"/>
      <line num="54" count="8" type="stmt"/>
      <line num="62" count="2" type="stmt"/>
      <line num="64" count="6" type="stmt"/>
      <line num="69" count="6" type="stmt"/>
      <line num="77" count="2" type="stmt"/>
      <line num="79" count="6" type="stmt"/>
      <line num="84" count="6" type="stmt"/>
      <line num="93" count="9" type="cond" truecount="2" falsecount="0"/>
      <line num="94" count="3" type="stmt"/>
      <line num="99" count="6" type="cond" truecount="2" falsecount="0"/>
      <line num="100" count="3" type="stmt"/>
      <line num="102" count="9" type="stmt"/>
      <line num="106" count="3" type="stmt"/>
      <line num="109" count="9" type="stmt"/>
      <line num="112" count="2" type="stmt"/>
      <line num="115" count="6" type="cond" truecount="2" falsecount="0"/>
      <line num="116" count="2" type="stmt"/>
      <line num="122" count="4" type="stmt"/>
      <line num="128" count="6" type="stmt"/>
      <line num="131" count="6" type="cond" truecount="2" falsecount="0"/>
      <line num="132" count="2" type="stmt"/>
      <line num="138" count="4" type="stmt"/>
      <line num="144" count="6" type="stmt"/>
      <line num="148" count="1" type="stmt"/>
    </file>
    <file name="types.js" path="/Users/opopov5/Desktop/projects/Redux-Studying/src/store/counterData/types.js">
      <metrics statements="9" coveredstatements="9" conditionals="0" coveredconditionals="0" methods="0" coveredmethods="0"/>
      <line num="1" count="1" type="stmt"/>
      <line num="2" count="1" type="stmt"/>
      <line num="3" count="1" type="stmt"/>
      <line num="4" count="1" type="stmt"/>
      <line num="5" count="1" type="stmt"/>
      <line num="6" count="1" type="stmt"/>
      <line num="7" count="1" type="stmt"/>
      <line num="8" count="1" type="stmt"/>
      <line num="9" count="1" type="stmt"/>
    </file>
  </project>
</coverage>
