{"/Users/opopov5/Desktop/projects/Redux-Studying/src/store/counterData/actions.js": {"path":"/Users/opopov5/Desktop/projects/Redux-Studying/src/store/counterData/actions.js","statementMap":{"0":{"start":{"line":3,"column":23},"end":{"line":7,"column":2}},"1":{"start":{"line":3,"column":34},"end":{"line":7,"column":1}},"2":{"start":{"line":9,"column":26},"end":{"line":12,"column":2}},"3":{"start":{"line":9,"column":37},"end":{"line":12,"column":1}},"4":{"start":{"line":14,"column":30},"end":{"line":16,"column":2}},"5":{"start":{"line":14,"column":37},"end":{"line":16,"column":1}},"6":{"start":{"line":18,"column":24},"end":{"line":21,"column":2}},"7":{"start":{"line":18,"column":35},"end":{"line":21,"column":1}},"8":{"start":{"line":23,"column":31},"end":{"line":25,"column":2}},"9":{"start":{"line":23,"column":38},"end":{"line":25,"column":1}},"10":{"start":{"line":27,"column":33},"end":{"line":29,"column":2}},"11":{"start":{"line":27,"column":40},"end":{"line":29,"column":1}},"12":{"start":{"line":31,"column":31},"end":{"line":34,"column":2}},"13":{"start":{"line":31,"column":58},"end":{"line":34,"column":1}},"14":{"start":{"line":36,"column":24},"end":{"line":40,"column":2}},"15":{"start":{"line":36,"column":39},"end":{"line":40,"column":1}}},"fnMap":{"0":{"name":"(anonymous_0)","decl":{"start":{"line":3,"column":23},"end":{"line":3,"column":24}},"loc":{"start":{"line":3,"column":34},"end":{"line":7,"column":1}},"line":3},"1":{"name":"(anonymous_1)","decl":{"start":{"line":9,"column":26},"end":{"line":9,"column":27}},"loc":{"start":{"line":9,"column":37},"end":{"line":12,"column":1}},"line":9},"2":{"name":"(anonymous_2)","decl":{"start":{"line":14,"column":30},"end":{"line":14,"column":31}},"loc":{"start":{"line":14,"column":37},"end":{"line":16,"column":1}},"line":14},"3":{"name":"(anonymous_3)","decl":{"start":{"line":18,"column":24},"end":{"line":18,"column":25}},"loc":{"start":{"line":18,"column":35},"end":{"line":21,"column":1}},"line":18},"4":{"name":"(anonymous_4)","decl":{"start":{"line":23,"column":31},"end":{"line":23,"column":32}},"loc":{"start":{"line":23,"column":38},"end":{"line":25,"column":1}},"line":23},"5":{"name":"(anonymous_5)","decl":{"start":{"line":27,"column":33},"end":{"line":27,"column":34}},"loc":{"start":{"line":27,"column":40},"end":{"line":29,"column":1}},"line":27},"6":{"name":"(anonymous_6)","decl":{"start":{"line":31,"column":31},"end":{"line":31,"column":32}},"loc":{"start":{"line":31,"column":58},"end":{"line":34,"column":1}},"line":31},"7":{"name":"(anonymous_7)","decl":{"start":{"line":36,"column":24},"end":{"line":36,"column":25}},"loc":{"start":{"line":36,"column":39},"end":{"line":40,"column":1}},"line":36}},"branchMap":{"0":{"loc":{"start":{"line":31,"column":32},"end":{"line":31,"column":52}},"type":"default-arg","locations":[{"start":{"line":31,"column":47},"end":{"line":31,"column":52}}],"line":31}},"s":{"0":1,"1":0,"2":1,"3":1,"4":1,"5":2,"6":1,"7":1,"8":1,"9":1,"10":1,"11":1,"12":1,"13":4,"14":1,"15":1},"f":{"0":0,"1":1,"2":2,"3":1,"4":1,"5":1,"6":4,"7":1},"b":{"0":[1]},"_coverageSchema":"1a1c01bbd47fc00a2c39e90264f33305004495a9","hash":"95c1d169f8a9393e291ea3d5183c9911d395031a"}
,"/Users/opopov5/Desktop/projects/Redux-Studying/src/store/counterData/reducer.js": {"path":"/Users/opopov5/Desktop/projects/Redux-Studying/src/store/counterData/reducer.js","statementMap":{"0":{"start":{"line":1,"column":21},"end":{"line":5,"column":1}},"1":{"start":{"line":8,"column":2},"end":{"line":150,"column":3}},"2":{"start":{"line":10,"column":6},"end":{"line":16,"column":8}},"3":{"start":{"line":18,"column":6},"end":{"line":22,"column":8}},"4":{"start":{"line":20,"column":42},"end":{"line":20,"column":68}},"5":{"start":{"line":21,"column":50},"end":{"line":21,"column":76}},"6":{"start":{"line":24,"column":6},"end":{"line":28,"column":8}},"7":{"start":{"line":26,"column":40},"end":{"line":26,"column":52}},"8":{"start":{"line":27,"column":56},"end":{"line":27,"column":68}},"9":{"start":{"line":30,"column":6},"end":{"line":60,"column":8}},"10":{"start":{"line":33,"column":10},"end":{"line":39,"column":11}},"11":{"start":{"line":34,"column":12},"end":{"line":38,"column":14}},"12":{"start":{"line":40,"column":10},"end":{"line":44,"column":12}},"13":{"start":{"line":47,"column":10},"end":{"line":53,"column":11}},"14":{"start":{"line":48,"column":12},"end":{"line":52,"column":14}},"15":{"start":{"line":54,"column":10},"end":{"line":58,"column":12}},"16":{"start":{"line":62,"column":6},"end":{"line":75,"column":8}},"17":{"start":{"line":64,"column":38},"end":{"line":68,"column":9}},"18":{"start":{"line":69,"column":46},"end":{"line":73,"column":9}},"19":{"start":{"line":77,"column":6},"end":{"line":90,"column":8}},"20":{"start":{"line":79,"column":38},"end":{"line":83,"column":9}},"21":{"start":{"line":84,"column":46},"end":{"line":88,"column":9}},"22":{"start":{"line":93,"column":6},"end":{"line":99,"column":7}},"23":{"start":{"line":94,"column":8},"end":{"line":98,"column":10}},"24":{"start":{"line":99,"column":8},"end":{"line":105,"column":7}},"25":{"start":{"line":100,"column":8},"end":{"line":104,"column":10}},"26":{"start":{"line":102,"column":50},"end":{"line":102,"column":62}},"27":{"start":{"line":106,"column":6},"end":{"line":110,"column":8}},"28":{"start":{"line":109,"column":48},"end":{"line":109,"column":59}},"29":{"start":{"line":112,"column":6},"end":{"line":146,"column":8}},"30":{"start":{"line":115,"column":10},"end":{"line":127,"column":11}},"31":{"start":{"line":116,"column":12},"end":{"line":120,"column":15}},"32":{"start":{"line":122,"column":12},"end":{"line":126,"column":15}},"33":{"start":{"line":128,"column":10},"end":{"line":128,"column":28}},"34":{"start":{"line":131,"column":10},"end":{"line":143,"column":11}},"35":{"start":{"line":132,"column":12},"end":{"line":136,"column":15}},"36":{"start":{"line":138,"column":12},"end":{"line":142,"column":15}},"37":{"start":{"line":144,"column":10},"end":{"line":144,"column":28}},"38":{"start":{"line":148,"column":6},"end":{"line":148,"column":19}}},"fnMap":{"0":{"name":"rootReducer","decl":{"start":{"line":7,"column":9},"end":{"line":7,"column":20}},"loc":{"start":{"line":7,"column":51},"end":{"line":151,"column":1}},"line":7},"1":{"name":"(anonymous_1)","decl":{"start":{"line":20,"column":32},"end":{"line":20,"column":33}},"loc":{"start":{"line":20,"column":42},"end":{"line":20,"column":68}},"line":20},"2":{"name":"(anonymous_2)","decl":{"start":{"line":21,"column":40},"end":{"line":21,"column":41}},"loc":{"start":{"line":21,"column":50},"end":{"line":21,"column":76}},"line":21},"3":{"name":"(anonymous_3)","decl":{"start":{"line":26,"column":32},"end":{"line":26,"column":33}},"loc":{"start":{"line":26,"column":40},"end":{"line":26,"column":52}},"line":26},"4":{"name":"(anonymous_4)","decl":{"start":{"line":27,"column":48},"end":{"line":27,"column":49}},"loc":{"start":{"line":27,"column":56},"end":{"line":27,"column":68}},"line":27},"5":{"name":"(anonymous_5)","decl":{"start":{"line":32,"column":29},"end":{"line":32,"column":30}},"loc":{"start":{"line":32,"column":40},"end":{"line":45,"column":9}},"line":32},"6":{"name":"(anonymous_6)","decl":{"start":{"line":46,"column":37},"end":{"line":46,"column":38}},"loc":{"start":{"line":46,"column":48},"end":{"line":59,"column":9}},"line":46},"7":{"name":"(anonymous_7)","decl":{"start":{"line":64,"column":29},"end":{"line":64,"column":30}},"loc":{"start":{"line":64,"column":38},"end":{"line":68,"column":9}},"line":64},"8":{"name":"(anonymous_8)","decl":{"start":{"line":69,"column":37},"end":{"line":69,"column":38}},"loc":{"start":{"line":69,"column":46},"end":{"line":73,"column":9}},"line":69},"9":{"name":"(anonymous_9)","decl":{"start":{"line":79,"column":29},"end":{"line":79,"column":30}},"loc":{"start":{"line":79,"column":38},"end":{"line":83,"column":9}},"line":79},"10":{"name":"(anonymous_10)","decl":{"start":{"line":84,"column":37},"end":{"line":84,"column":38}},"loc":{"start":{"line":84,"column":46},"end":{"line":88,"column":9}},"line":84},"11":{"name":"(anonymous_11)","decl":{"start":{"line":102,"column":42},"end":{"line":102,"column":43}},"loc":{"start":{"line":102,"column":50},"end":{"line":102,"column":62}},"line":102},"12":{"name":"(anonymous_12)","decl":{"start":{"line":109,"column":40},"end":{"line":109,"column":41}},"loc":{"start":{"line":109,"column":48},"end":{"line":109,"column":59}},"line":109},"13":{"name":"(anonymous_13)","decl":{"start":{"line":114,"column":32},"end":{"line":114,"column":33}},"loc":{"start":{"line":114,"column":58},"end":{"line":129,"column":9}},"line":114},"14":{"name":"(anonymous_14)","decl":{"start":{"line":130,"column":48},"end":{"line":130,"column":49}},"loc":{"start":{"line":130,"column":74},"end":{"line":145,"column":9}},"line":130}},"branchMap":{"0":{"loc":{"start":{"line":7,"column":21},"end":{"line":7,"column":41}},"type":"default-arg","locations":[{"start":{"line":7,"column":29},"end":{"line":7,"column":41}}],"line":7},"1":{"loc":{"start":{"line":8,"column":2},"end":{"line":150,"column":3}},"type":"switch","locations":[{"start":{"line":9,"column":4},"end":{"line":16,"column":8}},{"start":{"line":17,"column":4},"end":{"line":22,"column":8}},{"start":{"line":23,"column":4},"end":{"line":28,"column":8}},{"start":{"line":29,"column":4},"end":{"line":60,"column":8}},{"start":{"line":61,"column":4},"end":{"line":75,"column":8}},{"start":{"line":76,"column":4},"end":{"line":90,"column":8}},{"start":{"line":92,"column":4},"end":{"line":110,"column":8}},{"start":{"line":111,"column":4},"end":{"line":146,"column":8}},{"start":{"line":147,"column":4},"end":{"line":149,"column":5}}],"line":8},"2":{"loc":{"start":{"line":33,"column":10},"end":{"line":39,"column":11}},"type":"if","locations":[{"start":{"line":33,"column":10},"end":{"line":39,"column":11}},{"start":{"line":33,"column":10},"end":{"line":39,"column":11}}],"line":33},"3":{"loc":{"start":{"line":47,"column":10},"end":{"line":53,"column":11}},"type":"if","locations":[{"start":{"line":47,"column":10},"end":{"line":53,"column":11}},{"start":{"line":47,"column":10},"end":{"line":53,"column":11}}],"line":47},"4":{"loc":{"start":{"line":93,"column":6},"end":{"line":99,"column":7}},"type":"if","locations":[{"start":{"line":93,"column":6},"end":{"line":99,"column":7}},{"start":{"line":93,"column":6},"end":{"line":99,"column":7}}],"line":93},"5":{"loc":{"start":{"line":99,"column":8},"end":{"line":105,"column":7}},"type":"if","locations":[{"start":{"line":99,"column":8},"end":{"line":105,"column":7}},{"start":{"line":99,"column":8},"end":{"line":105,"column":7}}],"line":99},"6":{"loc":{"start":{"line":115,"column":10},"end":{"line":127,"column":11}},"type":"if","locations":[{"start":{"line":115,"column":10},"end":{"line":127,"column":11}},{"start":{"line":115,"column":10},"end":{"line":127,"column":11}}],"line":115},"7":{"loc":{"start":{"line":131,"column":10},"end":{"line":143,"column":11}},"type":"if","locations":[{"start":{"line":131,"column":10},"end":{"line":143,"column":11}},{"start":{"line":131,"column":10},"end":{"line":143,"column":11}}],"line":131}},"s":{"0":1,"1":27,"2":2,"3":2,"4":6,"5":6,"6":3,"7":9,"8":9,"9":4,"10":12,"11":4,"12":8,"13":12,"14":4,"15":8,"16":2,"17":6,"18":6,"19":2,"20":6,"21":6,"22":9,"23":3,"24":6,"25":3,"26":9,"27":3,"28":9,"29":2,"30":6,"31":2,"32":4,"33":6,"34":6,"35":2,"36":4,"37":6,"38":1},"f":{"0":27,"1":6,"2":6,"3":9,"4":9,"5":12,"6":12,"7":6,"8":6,"9":6,"10":6,"11":9,"12":9,"13":6,"14":6},"b":{"0":[0],"1":[2,2,3,4,2,2,9,2,1],"2":[4,8],"3":[4,8],"4":[3,6],"5":[3,3],"6":[2,4],"7":[2,4]},"_coverageSchema":"1a1c01bbd47fc00a2c39e90264f33305004495a9","hash":"c6ced42cb68bb0019042c9402c6d6d9c560102b6"}
,"/Users/opopov5/Desktop/projects/Redux-Studying/src/store/counterData/types.js": {"path":"/Users/opopov5/Desktop/projects/Redux-Studying/src/store/counterData/types.js","statementMap":{"0":{"start":{"line":1,"column":24},"end":{"line":1,"column":34}},"1":{"start":{"line":2,"column":27},"end":{"line":2,"column":40}},"2":{"start":{"line":3,"column":31},"end":{"line":3,"column":48}},"3":{"start":{"line":4,"column":27},"end":{"line":4,"column":40}},"4":{"start":{"line":5,"column":33},"end":{"line":5,"column":52}},"5":{"start":{"line":6,"column":35},"end":{"line":6,"column":56}},"6":{"start":{"line":7,"column":27},"end":{"line":7,"column":40}},"7":{"start":{"line":8,"column":33},"end":{"line":8,"column":52}},"8":{"start":{"line":9,"column":25},"end":{"line":9,"column":36}}},"fnMap":{},"branchMap":{},"s":{"0":1,"1":1,"2":1,"3":1,"4":1,"5":1,"6":1,"7":1,"8":1},"f":{},"b":{},"_coverageSchema":"1a1c01bbd47fc00a2c39e90264f33305004495a9","hash":"794af8fc75c3bd3be5f0e3a17877aa113511a844"}
}
