TN:
SF:styleMock.js
FNF:0
FNH:0
DA:1,3
LF:1
LH:1
BRF:0
BRH:0
end_of_record
TN:
SF:src/Footer.js
FN:5,Footer
FN:17,(anonymous_1)
FN:23,(anonymous_2)
FNF:3
FNH:2
FNDA:1,Footer
FNDA:3,(anonymous_1)
FNDA:0,(anonymous_2)
DA:8,1
DA:9,1
DA:18,3
DA:23,0
LF:4
LH:3
BRDA:21,0,0,1
BRDA:21,0,1,2
BRF:2
BRH:2
end_of_record
TN:
SF:src/InputField.js
FN:6,InputField
FN:8,(anonymous_1)
FN:13,(anonymous_2)
FNF:3
FNH:2
FNDA:1,InputField
FNDA:1,(anonymous_1)
FNDA:0,(anonymous_2)
DA:7,1
DA:8,1
DA:9,1
DA:10,1
DA:13,1
DA:14,0
DA:15,0
DA:16,0
DA:17,0
DA:21,1
LF:10
LH:6
BRDA:14,0,0,0
BRDA:14,0,1,0
BRDA:14,1,0,0
BRDA:14,1,1,0
BRF:4
BRH:0
end_of_record
TN:
SF:src/List.js
FN:9,List
FN:12,(anonymous_1)
FN:15,(anonymous_2)
FN:22,(anonymous_3)
FN:24,(anonymous_4)
FN:28,(anonymous_5)
FN:36,(anonymous_6)
FNF:7
FNH:3
FNDA:1,List
FNDA:1,(anonymous_1)
FNDA:0,(anonymous_2)
FNDA:5,(anonymous_3)
FNDA:0,(anonymous_4)
FNDA:0,(anonymous_5)
FNDA:0,(anonymous_6)
DA:7,1
DA:12,1
DA:13,1
DA:15,1
DA:16,0
DA:17,0
DA:20,1
DA:23,5
DA:24,0
DA:28,0
DA:36,0
LF:11
LH:6
BRDA:16,0,0,0
BRDA:16,0,1,0
BRF:2
BRH:0
end_of_record
TN:
SF:src/store/counterData/actions.js
FN:3,(anonymous_0)
FN:9,(anonymous_1)
FN:14,(anonymous_2)
FN:18,(anonymous_3)
FN:23,(anonymous_4)
FN:27,(anonymous_5)
FN:31,(anonymous_6)
FN:36,(anonymous_7)
FNF:8
FNH:7
FNDA:0,(anonymous_0)
FNDA:1,(anonymous_1)
FNDA:2,(anonymous_2)
FNDA:1,(anonymous_3)
FNDA:2,(anonymous_4)
FNDA:1,(anonymous_5)
FNDA:5,(anonymous_6)
FNDA:1,(anonymous_7)
DA:3,4
DA:9,4
DA:14,4
DA:18,4
DA:23,4
DA:27,4
DA:31,5
DA:36,4
LF:8
LH:8
BRDA:31,0,0,1
BRF:1
BRH:1
end_of_record
TN:
SF:src/store/counterData/reducer.js
FN:7,rootReducer
FN:20,(anonymous_1)
FN:21,(anonymous_2)
FN:26,(anonymous_3)
FN:27,(anonymous_4)
FN:32,(anonymous_5)
FN:46,(anonymous_6)
FN:64,(anonymous_7)
FN:69,(anonymous_8)
FN:79,(anonymous_9)
FN:84,(anonymous_10)
FN:102,(anonymous_11)
FN:109,(anonymous_12)
FN:114,(anonymous_13)
FN:130,(anonymous_14)
FNF:15
FNH:15
FNDA:27,rootReducer
FNDA:6,(anonymous_1)
FNDA:6,(anonymous_2)
FNDA:9,(anonymous_3)
FNDA:9,(anonymous_4)
FNDA:12,(anonymous_5)
FNDA:12,(anonymous_6)
FNDA:6,(anonymous_7)
FNDA:6,(anonymous_8)
FNDA:6,(anonymous_9)
FNDA:6,(anonymous_10)
FNDA:9,(anonymous_11)
FNDA:9,(anonymous_12)
FNDA:6,(anonymous_13)
FNDA:6,(anonymous_14)
DA:1,1
DA:8,27
DA:10,2
DA:18,2
DA:20,6
DA:21,6
DA:24,3
DA:26,9
DA:27,9
DA:30,4
DA:33,12
DA:34,4
DA:40,8
DA:47,12
DA:48,4
DA:54,8
DA:62,2
DA:64,6
DA:69,6
DA:77,2
DA:79,6
DA:84,6
DA:93,9
DA:94,3
DA:99,6
DA:100,3
DA:102,9
DA:106,3
DA:109,9
DA:112,2
DA:115,6
DA:116,2
DA:122,4
DA:128,6
DA:131,6
DA:132,2
DA:138,4
DA:144,6
DA:148,1
LF:39
LH:39
BRDA:7,0,0,0
BRDA:8,1,0,2
BRDA:8,1,1,2
BRDA:8,1,2,3
BRDA:8,1,3,4
BRDA:8,1,4,2
BRDA:8,1,5,2
BRDA:8,1,6,9
BRDA:8,1,7,2
BRDA:8,1,8,1
BRDA:33,2,0,4
BRDA:33,2,1,8
BRDA:47,3,0,4
BRDA:47,3,1,8
BRDA:93,4,0,3
BRDA:93,4,1,6
BRDA:99,5,0,3
BRDA:99,5,1,3
BRDA:115,6,0,2
BRDA:115,6,1,4
BRDA:131,7,0,2
BRDA:131,7,1,4
BRF:22
BRH:21
end_of_record
TN:
SF:src/store/counterData/types.js
FNF:0
FNH:0
DA:1,4
DA:2,4
DA:3,4
DA:4,4
DA:5,4
DA:6,4
DA:7,4
DA:8,4
DA:9,4
LF:9
LH:9
BRF:0
BRH:0
end_of_record
